c:\mavıdurakıo\ders12\crypto\crypto\debug\crypto.pch
c:\mavıdurakıo\ders12\crypto\crypto\debug\vc142.pdb
c:\mavıdurakıo\ders12\crypto\crypto\debug\vc142.ıdb
c:\mavıdurakıo\ders12\crypto\crypto\debug\pch.obj
c:\mavıdurakıo\ders12\crypto\crypto\debug\cryptodlg.obj
c:\mavıdurakıo\ders12\crypto\crypto\debug\crypto.obj
c:\mavıdurakıo\ders12\crypto\debug\crypto.exe
c:\mavıdurakıo\ders12\crypto\debug\crypto.ılk
c:\mavıdurakıo\ders12\crypto\debug\crypto.pdb
c:\mavıdurakıo\ders12\crypto\crypto\debug\crypto.res
c:\mavidurakio\ders12\crypto\crypto\debug\crypto.obj
c:\mavidurakio\ders12\crypto\crypto\debug\cryptodlg.obj
c:\mavidurakio\ders12\crypto\crypto\debug\pch.obj
c:\mavidurakio\ders12\crypto\crypto\debug\crypto.res
c:\mavidurakio\ders12\crypto\crypto\debug\crypto.pch
c:\mavidurakio\ders12\crypto\crypto\debug\vc142.idb
c:\mavidurakio\ders12\crypto\crypto\debug\vc142.pdb
c:\mavidurakio\ders12\crypto\debug\crypto.pdb
c:\mavidurakio\ders12\crypto\debug\crypto.exe
c:\mavidurakio\ders12\crypto\debug\crypto.ilk
c:\mavidurakio\ders12\crypto\crypto\debug\crypto.tlog\cl.command.1.tlog
c:\mavidurakio\ders12\crypto\crypto\debug\crypto.tlog\cl.read.1.tlog
c:\mavidurakio\ders12\crypto\crypto\debug\crypto.tlog\cl.write.1.tlog
c:\mavidurakio\ders12\crypto\crypto\debug\crypto.tlog\link.command.1.tlog
c:\mavidurakio\ders12\crypto\crypto\debug\crypto.tlog\link.read.1.tlog
c:\mavidurakio\ders12\crypto\crypto\debug\crypto.tlog\link.write.1.tlog
c:\mavidurakio\ders12\crypto\crypto\debug\crypto.tlog\rc.command.1.tlog
c:\mavidurakio\ders12\crypto\crypto\debug\crypto.tlog\rc.read.1.tlog
c:\mavidurakio\ders12\crypto\crypto\debug\crypto.tlog\rc.write.1.tlog
